<?xml version="1.0" encoding="UTF-8"?>
<!-- Generated by org.testng.reporters.JUnitReportReporter -->
<testsuite skipped="0" hostname="DESKTOP-HD1S0MK" name="com.training.regression.tests.RegisterDBTest" tests="2" failures="0" timestamp="27 Nov 2019 05:30:34 GMT" time="60.548" errors="0">
  <testcase name="RegisterDataBaseTest" time="27.402" classname="com.training.regression.tests.RegisterDBTest"/>
  <testcase name="RegisterDataBaseTest" time="33.146" classname="com.training.regression.tests.RegisterDBTest"/>
</testsuite> <!-- com.training.regression.tests.RegisterDBTest -->
