<?xml version="1.0" encoding="UTF-8"?>
<!-- Generated by org.testng.reporters.JUnitReportReporter -->
<testsuite skipped="0" hostname="DESKTOP-HD1S0MK" name="com.training.sanity.tests.ElearnAdminLogin" tests="1" failures="0" timestamp="19 Nov 2019 17:27:42 GMT" time="39.664" errors="0">
  <testcase name="Admin" time="39.664" classname="com.training.sanity.tests.ElearnAdminLogin"/>
</testsuite> <!-- com.training.sanity.tests.ElearnAdminLogin -->
