<?xml version="1.0" encoding="UTF-8"?>
<!-- Generated by org.testng.reporters.JUnitReportReporter -->
<testsuite skipped="1" hostname="DESKTOP-HD1S0MK" name="com.training.regression.tests.RegisterDBTest" tests="1" failures="0" timestamp="24 Nov 2019 14:07:19 GMT" time="0.000" errors="0">
  <testcase name="registerDBTest" time="0.000" classname="com.training.regression.tests.RegisterDBTest">
    <skipped/>
  </testcase> <!-- registerDBTest -->
</testsuite> <!-- com.training.regression.tests.RegisterDBTest -->
