<?xml version="1.0" encoding="UTF-8"?>
<!-- Generated by org.testng.reporters.JUnitReportReporter -->
<testsuite skipped="0" hostname="DESKTOP-HD1S0MK" name="com.training.sanity.tests.MediumTC48" tests="1" failures="0" timestamp="24 Nov 2019 10:25:42 GMT" time="26.028" errors="0">
  <testcase name="AdminAddUser" time="26.028" classname="com.training.sanity.tests.MediumTC48"/>
</testsuite> <!-- com.training.sanity.tests.MediumTC48 -->
