<?xml version="1.0" encoding="UTF-8"?>
<!-- Generated by org.testng.reporters.JUnitReportReporter -->
<testsuite skipped="1" hostname="DESKTOP-HD1S0MK" name="com.training.regression.tests.RegisterByXLSX" tests="3" failures="0" timestamp="25 Nov 2019 17:42:34 GMT" time="42.188" errors="0">
  <testcase name="RegErrorCapture" time="22.643" classname="com.training.regression.tests.RegisterByXLSX"/>
  <testcase name="RegErrorCapture" time="19.545" classname="com.training.regression.tests.RegisterByXLSX"/>
  <testcase name="RegisterDBTest" classname="com.training.regression.tests.RegisterByXLSX">
    <skipped/>
  </testcase> <!-- RegisterDBTest -->
</testsuite> <!-- com.training.regression.tests.RegisterByXLSX -->
