<?xml version="1.0" encoding="UTF-8"?>
<!-- Generated by org.testng.reporters.JUnitReportReporter -->
<testsuite skipped="0" hostname="DESKTOP-HD1S0MK" name="com.training.sanity.tests.LoginTests" tests="1" failures="0" timestamp="19 Nov 2019 04:44:10 GMT" time="36.778" errors="0">
  <testcase name="validLoginTest" time="36.778" classname="com.training.sanity.tests.LoginTests"/>
</testsuite> <!-- com.training.sanity.tests.LoginTests -->
