<?xml version="1.0" encoding="UTF-8"?>
<!-- Generated by org.testng.reporters.JUnitReportReporter -->
<testsuite skipped="0" hostname="DESKTOP-HD1S0MK" name="com.training.sanity.tests.ElearningRegisterTC16" tests="1" failures="0" timestamp="20 Nov 2019 04:47:56 GMT" time="34.666" errors="0">
  <testcase name="teacherRegistration" time="34.666" classname="com.training.sanity.tests.ElearningRegisterTC16"/>
</testsuite> <!-- com.training.sanity.tests.ElearningRegisterTC16 -->
