<?xml version="1.0" encoding="UTF-8"?>
<!-- Generated by org.testng.reporters.JUnitReportReporter -->
<testsuite skipped="0" hostname="DESKTOP-HD1S0MK" name="com.training.sanity.tests.MediumTC47" tests="1" failures="0" timestamp="23 Nov 2019 19:02:18 GMT" time="32.249" errors="0">
  <testcase name="AdminCreateCategoryCourse" time="32.249" classname="com.training.sanity.tests.MediumTC47"/>
</testsuite> <!-- com.training.sanity.tests.MediumTC47 -->
