<?xml version="1.0" encoding="UTF-8"?>
<!-- Generated by org.testng.reporters.JUnitReportReporter -->
<testsuite skipped="0" hostname="DESKTOP-HD1S0MK" name="com.training.sanity.tests.ElearningRegister" tests="1" failures="0" timestamp="19 Nov 2019 06:31:50 GMT" time="22.912" errors="0">
  <testcase name="teacherRegistration" time="22.912" classname="com.training.sanity.tests.ElearningRegister"/>
</testsuite> <!-- com.training.sanity.tests.ElearningRegister -->
