<?xml version="1.0" encoding="UTF-8"?>
<!-- Generated by org.testng.reporters.JUnitReportReporter -->
<testsuite skipped="2" hostname="DESKTOP-HD1S0MK" name="com.training.sanity.tests.MediumTC46" tests="3" failures="0" timestamp="22 Nov 2019 04:25:00 GMT" time="32.818" errors="0">
  <testcase name="studComment" time="32.818" classname="com.training.sanity.tests.MediumTC46"/>
  <testcase name="teacherPrjctCreation" classname="com.training.sanity.tests.MediumTC46">
    <skipped/>
  </testcase> <!-- teacherPrjctCreation -->
  <testcase name="studentRegistration" classname="com.training.sanity.tests.MediumTC46">
    <skipped/>
  </testcase> <!-- studentRegistration -->
</testsuite> <!-- com.training.sanity.tests.MediumTC46 -->
