<?xml version="1.0" encoding="UTF-8"?>
<!-- Generated by org.testng.reporters.JUnitReportReporter -->
<testsuite skipped="0" hostname="DESKTOP-HD1S0MK" name="com.training.regression.tests.RegisterByXLSX" tests="4" failures="0" timestamp="25 Nov 2019 06:07:45 GMT" time="85.262" errors="0">
  <testcase name="RegisterDBTest" time="21.094" classname="com.training.regression.tests.RegisterByXLSX"/>
  <testcase name="RegisterDBTest" time="21.387" classname="com.training.regression.tests.RegisterByXLSX"/>
  <testcase name="RegisterDBTest" time="20.939" classname="com.training.regression.tests.RegisterByXLSX"/>
  <testcase name="RegisterDBTest" time="21.842" classname="com.training.regression.tests.RegisterByXLSX"/>
</testsuite> <!-- com.training.regression.tests.RegisterByXLSX -->
