<?xml version="1.0" encoding="UTF-8"?>
<!-- Generated by org.testng.reporters.JUnitReportReporter -->
<testsuite skipped="0" hostname="DESKTOP-HD1S0MK" name="simple.Tests" tests="1" failures="0" timestamp="18 Nov 2019 05:14:47 GMT" time="41.953" errors="0">
  <testcase name="magentoLogin" time="41.953" classname="simple.Tests"/>
</testsuite> <!-- simple.Tests -->
